2022-05-29 14:40:32,330  INFO [main] Runner:28 -  <------------------------------ GET Request API Details ------------------------------>
2022-05-29 14:40:39,738  INFO [main] Runner:47 - https://api.alrajhitakaful.com/webservice_art_ncis_yakeen2newmotor_orchestrations-1/alieninfobyiqamaanddob Status Code : 200
2022-05-29 14:40:39,739  INFO [main] Runner:48 - https://api.alrajhitakaful.com/webservice_art_ncis_yakeen2newmotor_orchestrations-1/alieninfobyiqamaanddob Response Time : 4171 ms
2022-05-29 14:40:41,786  INFO [main] Runner:47 - https://api.alrajhitakaful.com/webservice_art_ncis_yakeen2newmotor_orchestrations-1/alieninfobyiqama Status Code : 200
2022-05-29 14:40:41,787  INFO [main] Runner:48 - https://api.alrajhitakaful.com/webservice_art_ncis_yakeen2newmotor_orchestrations-1/alieninfobyiqama Response Time : 1946 ms
2022-05-29 14:40:43,569  INFO [main] Runner:47 - https://api.alrajhitakaful.com/dcp_b_getnationaladdress/addressbyid Status Code : 200
2022-05-29 14:40:43,571  INFO [main] Runner:48 - https://api.alrajhitakaful.com/dcp_b_getnationaladdress/addressbyid Response Time : 1692 ms
2022-05-29 14:40:45,906  INFO [main] Runner:47 - https://api.alrajhitakaful.com/webservice_art_ncis_yakeen2newmotor_orchestrations-1/carinfobycustom Status Code : 200
2022-05-29 14:40:45,907  INFO [main] Runner:48 - https://api.alrajhitakaful.com/webservice_art_ncis_yakeen2newmotor_orchestrations-1/carinfobycustom Response Time : 2266 ms
2022-05-29 14:40:47,893  INFO [main] Runner:47 - https://api.alrajhitakaful.com/dcp_bonusmalusclass/htpfactor Status Code : 200
2022-05-29 14:40:47,894  INFO [main] Runner:48 - https://api.alrajhitakaful.com/dcp_bonusmalusclass/htpfactor Response Time : 1909 ms
2022-05-29 14:40:50,124  INFO [main] Runner:47 - https://api.alrajhitakaful.com/dcp_ncdeligibility/op_ncdeligiblity Status Code : 200
2022-05-29 14:40:50,125  INFO [main] Runner:48 - https://api.alrajhitakaful.com/dcp_ncdeligibility/op_ncdeligiblity Response Time : 2146 ms
2022-05-29 14:40:51,749  INFO [main] Runner:47 - https://api.alrajhitakaful.com/webservice_art_ncis_yakeen2newmotor_orchestrations-1/carinfobysequence Status Code : 200
2022-05-29 14:40:51,751  INFO [main] Runner:48 - https://api.alrajhitakaful.com/webservice_art_ncis_yakeen2newmotor_orchestrations-1/carinfobysequence Response Time : 1535 ms
2022-05-29 14:40:54,324  INFO [main] Runner:47 - https://api.alrajhitakaful.com/webservice_art_ncis_yakeen2newmotor_orchestrations-1/citizeninfo Status Code : 200
2022-05-29 14:40:54,325  INFO [main] Runner:48 - https://api.alrajhitakaful.com/webservice_art_ncis_yakeen2newmotor_orchestrations-1/citizeninfo Response Time : 2502 ms
2022-05-29 14:40:55,546  INFO [main] Runner:47 - https://api.alrajhitakaful.com/vehiclemakemodel-master Status Code : 401
2022-05-29 14:40:55,549  INFO [main] Runner:48 - https://api.alrajhitakaful.com/vehiclemakemodel-master Response Time : 1147 ms
2022-05-29 14:40:55,577  INFO [main] Runner:29 -  <------------------------------ POST Request API Details ------------------------------>
2022-05-29 14:40:57,589  INFO [main] Runner:49 - https://api.alrajhitakaful.com/motorrate/motorrate Status Code : 200
2022-05-29 14:40:57,591  INFO [main] Runner:50 - https://api.alrajhitakaful.com/motorrate/motorrate Response Time : 1921 ms
2022-05-29 14:40:59,855  INFO [main] Runner:49 - https://api.alrajhitakaful.com/dcp_motorquotation/quote Status Code : 200
2022-05-29 14:40:59,856  INFO [main] Runner:50 - https://api.alrajhitakaful.com/dcp_motorquotation/quote Response Time : 2171 ms
