2022-05-29 14:42:49,032  INFO [main] Runner:28 -  <------------------------------ GET Request API Details ------------------------------>
2022-05-29 14:42:55,390  INFO [main] Runner:47 - https://api.alrajhitakaful.com/webservice_art_ncis_yakeen2newmotor_orchestrations-1/alieninfobyiqamaanddob Status Code : 200
2022-05-29 14:42:55,391  INFO [main] Runner:48 - https://api.alrajhitakaful.com/webservice_art_ncis_yakeen2newmotor_orchestrations-1/alieninfobyiqamaanddob Response Time : 4276 ms
2022-05-29 14:42:57,780  INFO [main] Runner:47 - https://api.alrajhitakaful.com/webservice_art_ncis_yakeen2newmotor_orchestrations-1/alieninfobyiqama Status Code : 200
2022-05-29 14:42:57,781  INFO [main] Runner:48 - https://api.alrajhitakaful.com/webservice_art_ncis_yakeen2newmotor_orchestrations-1/alieninfobyiqama Response Time : 2290 ms
2022-05-29 14:42:59,254  INFO [main] Runner:47 - https://api.alrajhitakaful.com/dcp_b_getnationaladdress/addressbyid Status Code : 200
2022-05-29 14:42:59,254  INFO [main] Runner:48 - https://api.alrajhitakaful.com/dcp_b_getnationaladdress/addressbyid Response Time : 1385 ms
2022-05-29 14:43:01,284  INFO [main] Runner:47 - https://api.alrajhitakaful.com/webservice_art_ncis_yakeen2newmotor_orchestrations-1/carinfobycustom Status Code : 200
2022-05-29 14:43:01,285  INFO [main] Runner:48 - https://api.alrajhitakaful.com/webservice_art_ncis_yakeen2newmotor_orchestrations-1/carinfobycustom Response Time : 1956 ms
2022-05-29 14:43:04,163  INFO [main] Runner:47 - https://api.alrajhitakaful.com/dcp_bonusmalusclass/htpfactor Status Code : 200
2022-05-29 14:43:04,166  INFO [main] Runner:48 - https://api.alrajhitakaful.com/dcp_bonusmalusclass/htpfactor Response Time : 2788 ms
2022-05-29 14:43:06,525  INFO [main] Runner:47 - https://api.alrajhitakaful.com/dcp_ncdeligibility/op_ncdeligiblity Status Code : 200
2022-05-29 14:43:06,527  INFO [main] Runner:48 - https://api.alrajhitakaful.com/dcp_ncdeligibility/op_ncdeligiblity Response Time : 2269 ms
2022-05-29 14:43:08,751  INFO [main] Runner:47 - https://api.alrajhitakaful.com/webservice_art_ncis_yakeen2newmotor_orchestrations-1/carinfobysequence Status Code : 200
2022-05-29 14:43:08,752  INFO [main] Runner:48 - https://api.alrajhitakaful.com/webservice_art_ncis_yakeen2newmotor_orchestrations-1/carinfobysequence Response Time : 2123 ms
2022-05-29 14:43:10,543  INFO [main] Runner:47 - https://api.alrajhitakaful.com/webservice_art_ncis_yakeen2newmotor_orchestrations-1/citizeninfo Status Code : 200
2022-05-29 14:43:10,545  INFO [main] Runner:48 - https://api.alrajhitakaful.com/webservice_art_ncis_yakeen2newmotor_orchestrations-1/citizeninfo Response Time : 1718 ms
2022-05-29 14:43:11,804  INFO [main] Runner:47 - https://api.alrajhitakaful.com/vehiclemakemodel-master Status Code : 401
2022-05-29 14:43:11,804  INFO [main] Runner:48 - https://api.alrajhitakaful.com/vehiclemakemodel-master Response Time : 1171 ms
2022-05-29 14:43:11,823  INFO [main] Runner:29 -  <------------------------------ POST Request API Details ------------------------------>
2022-05-29 14:43:13,382  INFO [main] Runner:49 - https://api.alrajhitakaful.com/motorrate/motorrate Status Code : 200
2022-05-29 14:43:13,383  INFO [main] Runner:50 - https://api.alrajhitakaful.com/motorrate/motorrate Response Time : 1455 ms
2022-05-29 14:43:16,260  INFO [main] Runner:49 - https://api.alrajhitakaful.com/dcp_motorquotation/quote Status Code : 200
2022-05-29 14:43:16,261  INFO [main] Runner:50 - https://api.alrajhitakaful.com/dcp_motorquotation/quote Response Time : 2794 ms
