2022-05-29 13:37:01,840  INFO [main] Runner:28 -  <------------------------------ GET Request API Details ------------------------------>
2022-05-29 13:37:06,540  INFO [main] Runner:47 - https://api.alrajhitakaful.com/webservice_art_ncis_yakeen2newmotor_orchestrations-1/alieninfobyiqamaanddob Status Code : 200
2022-05-29 13:37:06,540  INFO [main] Runner:48 - https://api.alrajhitakaful.com/webservice_art_ncis_yakeen2newmotor_orchestrations-1/alieninfobyiqamaanddob Response Time : 3629 ms
2022-05-29 13:37:09,738  INFO [main] Runner:47 - https://api.alrajhitakaful.com/webservice_art_ncis_yakeen2newmotor_orchestrations-1/alieninfobyiqama Status Code : 200
2022-05-29 13:37:09,739  INFO [main] Runner:48 - https://api.alrajhitakaful.com/webservice_art_ncis_yakeen2newmotor_orchestrations-1/alieninfobyiqama Response Time : 3150 ms
2022-05-29 13:37:11,422  INFO [main] Runner:47 - https://api.alrajhitakaful.com/dcp_b_getnationaladdress/addressbyid Status Code : 200
2022-05-29 13:37:11,424  INFO [main] Runner:48 - https://api.alrajhitakaful.com/dcp_b_getnationaladdress/addressbyid Response Time : 1630 ms
2022-05-29 13:37:13,140  INFO [main] Runner:47 - https://api.alrajhitakaful.com/webservice_art_ncis_yakeen2newmotor_orchestrations-1/carinfobycustom Status Code : 200
2022-05-29 13:37:13,141  INFO [main] Runner:48 - https://api.alrajhitakaful.com/webservice_art_ncis_yakeen2newmotor_orchestrations-1/carinfobycustom Response Time : 1671 ms
2022-05-29 13:37:15,080  INFO [main] Runner:47 - https://api.alrajhitakaful.com/dcp_bonusmalusclass/htpfactor Status Code : 200
2022-05-29 13:37:15,080  INFO [main] Runner:48 - https://api.alrajhitakaful.com/dcp_bonusmalusclass/htpfactor Response Time : 1899 ms
2022-05-29 13:37:17,258  INFO [main] Runner:47 - https://api.alrajhitakaful.com/dcp_ncdeligibility/op_ncdeligiblity Status Code : 200
2022-05-29 13:37:17,258  INFO [main] Runner:48 - https://api.alrajhitakaful.com/dcp_ncdeligibility/op_ncdeligiblity Response Time : 2132 ms
2022-05-29 13:37:19,254  INFO [main] Runner:47 - https://api.alrajhitakaful.com/webservice_art_ncis_yakeen2newmotor_orchestrations-1/carinfobysequence Status Code : 200
2022-05-29 13:37:19,254  INFO [main] Runner:48 - https://api.alrajhitakaful.com/webservice_art_ncis_yakeen2newmotor_orchestrations-1/carinfobysequence Response Time : 1961 ms
2022-05-29 13:37:24,356  INFO [main] Runner:47 - https://api.alrajhitakaful.com/webservice_art_ncis_yakeen2newmotor_orchestrations-1/citizeninfo Status Code : 200
2022-05-29 13:37:24,357  INFO [main] Runner:48 - https://api.alrajhitakaful.com/webservice_art_ncis_yakeen2newmotor_orchestrations-1/citizeninfo Response Time : 5062 ms
2022-05-29 13:37:25,574  INFO [main] Runner:47 - https://api.alrajhitakaful.com/vehiclemakemodel-master Status Code : 401
2022-05-29 13:37:25,575  INFO [main] Runner:48 - https://api.alrajhitakaful.com/vehiclemakemodel-master Response Time : 1176 ms
2022-05-29 13:37:25,581  INFO [main] Runner:29 -  <------------------------------ POST Request API Details ------------------------------>
2022-05-29 13:37:27,184  INFO [main] Runner:49 - https://api.alrajhitakaful.com/motorrate/motorrate Status Code : 200
2022-05-29 13:37:27,184  INFO [main] Runner:50 - https://api.alrajhitakaful.com/motorrate/motorrate Response Time : 1563 ms
2022-05-29 13:37:31,965  INFO [main] Runner:49 - https://api.alrajhitakaful.com/dcp_motorquotation/quote Status Code : 200
2022-05-29 13:37:31,966  INFO [main] Runner:50 - https://api.alrajhitakaful.com/dcp_motorquotation/quote Response Time : 4736 ms
